[INFO  - 2018-10-27T04:00:44.105Z] GhostDriver - Main - running on port 55824
[INFO  - 2018-10-27T04:00:44.643Z] Session [e0ea7ef0-d99c-11e8-88e8-b7b42900c539] - page.settings - {"XSSAuditingEnabled":false,"javascriptCanCloseWindows":true,"javascriptCanOpenWindows":true,"javascriptEnabled":true,"loadImages":true,"localToRemoteUrlAccessEnabled":false,"userAgent":"Mozilla/5.0 (Macintosh; Intel Mac OS X) AppleWebKit/538.1 (KHTML, like Gecko) PhantomJS/2.1.1 Safari/538.1","webSecurityEnabled":true}
[INFO  - 2018-10-27T04:00:44.643Z] Session [e0ea7ef0-d99c-11e8-88e8-b7b42900c539] - page.customHeaders:  - {}
[INFO  - 2018-10-27T04:00:44.643Z] Session [e0ea7ef0-d99c-11e8-88e8-b7b42900c539] - Session.negotiatedCapabilities - {"browserName":"phantomjs","version":"2.1.1","driverName":"ghostdriver","driverVersion":"1.2.0","platform":"mac-10.11 (El Capitan)-64bit","javascriptEnabled":true,"takesScreenshot":true,"handlesAlerts":false,"databaseEnabled":false,"locationContextEnabled":false,"applicationCacheEnabled":false,"browserConnectionEnabled":false,"cssSelectorsEnabled":true,"webStorageEnabled":false,"rotatable":false,"acceptSslCerts":false,"nativeEvents":true,"proxy":{"proxyType":"direct"}}
[INFO  - 2018-10-27T04:00:44.643Z] SessionManagerReqHand - _postNewSessionCommand - New Session Created: e0ea7ef0-d99c-11e8-88e8-b7b42900c539
[ERROR - 2018-10-27T04:00:48.832Z] Session [e0ea7ef0-d99c-11e8-88e8-b7b42900c539] - page.onError - msg: ReferenceError: Can't find variable: Set

  phantomjs://platform/console++.js:263 in error
[ERROR - 2018-10-27T04:00:48.832Z] Session [e0ea7ef0-d99c-11e8-88e8-b7b42900c539] - page.onError - stack:
  (anonymous function) (http://cdn1.espn.net/fitt/d6fc3d51db1a-release-10-17-2018.3/client/espnfitt.js:1)
  call (:0)
  n (http://cdn1.espn.net/fitt/d6fc3d51db1a-release-10-17-2018.3/client/espnfitt.js:1)
  (anonymous function) (http://cdn1.espn.net/fitt/d6fc3d51db1a-release-10-17-2018.3/client/espnfitt.js:1)
  call (:0)
  n (http://cdn1.espn.net/fitt/d6fc3d51db1a-release-10-17-2018.3/client/espnfitt.js:1)
  (anonymous function) (http://cdn1.espn.net/fitt/d6fc3d51db1a-release-10-17-2018.3/client/espnfitt.js:1)
  call (:0)
  n (http://cdn1.espn.net/fitt/d6fc3d51db1a-release-10-17-2018.3/client/espnfitt.js:1)
  (anonymous function) (http://cdn1.espn.net/fitt/d6fc3d51db1a-release-10-17-2018.3/client/espnfitt.js:1)
  call (:0)
  n (http://cdn1.espn.net/fitt/d6fc3d51db1a-release-10-17-2018.3/client/espnfitt.js:1)
  (anonymous function) (http://cdn1.espn.net/fitt/d6fc3d51db1a-release-10-17-2018.3/client/espnfitt.js:1)
  call (:0)
  n (http://cdn1.espn.net/fitt/d6fc3d51db1a-release-10-17-2018.3/client/espnfitt.js:1)
  (anonymous function) (http://cdn1.espn.net/fitt/d6fc3d51db1a-release-10-17-2018.3/client/espnfitt.js:1)
  (anonymous function) (http://cdn1.espn.net/fitt/d6fc3d51db1a-release-10-17-2018.3/client/espnfitt.js:1)

  phantomjs://platform/console++.js:263 in error
