INFO:root:Attempting to connect to nba_stats_staging database 2018-11-04 16:43:59.565557
INFO:root:Successfully connected to nba_stats_staging 2018-11-04 16:43:59.568573
INFO:root:Beginning ESPN players incrementals pipeline 2018-11-04 16:43:59.568687
INFO:root:ESPN players incrementals pipeline completed 2018-11-04 16:45:31.096775
INFO:root:Beginning ESPN team incrementials pipeline 2018-11-04 16:45:31.115690
INFO:root:Beginning ESPN team standings pipeline 2018-11-04 16:45:32.362664
INFO:root:ESPN team standings pipeline completed successfully 2018-11-04 16:45:33.352671
INFO:root:Beginning NBA Reference players incrementals pipeline 2018-11-04 16:45:33.353050
INFO:root:[FAILED TO BOXSCORE DATA]: https://www.basketball-reference.com/boxscores/?month=11&day=04&year=2018
INFO:root:[FAILED TO BOXSCORE DATA]: https://www.basketball-reference.com/boxscores/?month=11&day=04&year=2018
INFO:root:[FAILED TO BOXSCORE DATA]: https://www.basketball-reference.com/boxscores/?month=11&day=04&year=2018
INFO:root:[FAILED TO BOXSCORE DATA]: https://www.basketball-reference.com/boxscores/?month=11&day=04&year=2018
INFO:root:[FAILED TO BOXSCORE DATA]: https://www.basketball-reference.com/boxscores/?month=11&day=04&year=2018
INFO:root:[FAILED TO BOXSCORE DATA]: https://www.basketball-reference.com/boxscores/?month=11&day=04&year=2018
INFO:root:[FAILED TO BOXSCORE DATA]: https://www.basketball-reference.com/boxscores/?month=11&day=04&year=2018
INFO:root:[FAILED TO BOXSCORE DATA]: https://www.basketball-reference.com/boxscores/?month=11&day=04&year=2018
INFO:root:[FAILED TO BOXSCORE DATA]: https://www.basketball-reference.com/boxscores/?month=11&day=04&year=2018
INFO:root:[FAILED TO BOXSCORE DATA]: https://www.basketball-reference.com/boxscores/?month=11&day=04&year=2018
INFO:root:[FAILED TO BOXSCORE DATA]: https://www.basketball-reference.com/boxscores/?month=11&day=04&year=2018
INFO:root:[FAILED TO BOXSCORE DATA]: https://www.basketball-reference.com/boxscores/?month=11&day=04&year=2018
INFO:root:[FAILED TO BOXSCORE DATA]: https://www.basketball-reference.com/boxscores/?month=11&day=04&year=2018
INFO:root:[FAILED TO BOXSCORE DATA]: https://www.basketball-reference.com/boxscores/?month=11&day=04&year=2018
INFO:root:[FAILED TO BOXSCORE DATA]: https://www.basketball-reference.com/boxscores/?month=11&day=04&year=2018
INFO:root:[FAILED TO BOXSCORE DATA]: https://www.basketball-reference.com/boxscores/?month=11&day=04&year=2018
INFO:root:[FAILED TO BOXSCORE DATA]: https://www.basketball-reference.com/boxscores/?month=11&day=04&year=2018
INFO:root:[FAILED TO BOXSCORE DATA]: https://www.basketball-reference.com/boxscores/?month=11&day=04&year=2018
INFO:root:[FAILED TO BOXSCORE DATA]: https://www.basketball-reference.com/boxscores/?month=11&day=04&year=2018
INFO:root:[FAILED TO BOXSCORE DATA]: https://www.basketball-reference.com/boxscores/?month=11&day=04&year=2018
INFO:root:[FAILED TO BOXSCORE DATA]: https://www.basketball-reference.com/boxscores/?month=11&day=04&year=2018
INFO:root:[FAILED TO BOXSCORE DATA]: https://www.basketball-reference.com/boxscores/?month=11&day=04&year=2018
INFO:root:[FAILED TO BOXSCORE DATA]: https://www.basketball-reference.com/boxscores/?month=11&day=04&year=2018
INFO:root:[FAILED TO BOXSCORE DATA]: https://www.basketball-reference.com/boxscores/?month=11&day=04&year=2018
INFO:root:[FAILED TO BOXSCORE DATA]: https://www.basketball-reference.com/boxscores/?month=11&day=04&year=2018
INFO:root:[FAILED TO BOXSCORE DATA]: https://www.basketball-reference.com/boxscores/?month=11&day=04&year=2018
INFO:root:[FAILED TO BOXSCORE DATA]: https://www.basketball-reference.com/boxscores/?month=11&day=04&year=2018
INFO:root:[FAILED TO BOXSCORE DATA]: https://www.basketball-reference.com/boxscores/?month=11&day=04&year=2018
INFO:root:[FAILED TO BOXSCORE DATA]: https://www.basketball-reference.com/boxscores/?month=11&day=04&year=2018
INFO:root:[FAILED TO BOXSCORE DATA]: https://www.basketball-reference.com/boxscores/?month=11&day=04&year=2018
INFO:root:[FAILED TO BOXSCORE DATA]: https://www.basketball-reference.com/boxscores/?month=11&day=04&year=2018
INFO:root:[FAILED TO BOXSCORE DATA]: https://www.basketball-reference.com/boxscores/?month=11&day=04&year=2018
INFO:root:[FAILED TO BOXSCORE DATA]: https://www.basketball-reference.com/boxscores/?month=11&day=04&year=2018
INFO:root:[FAILED TO BOXSCORE DATA]: https://www.basketball-reference.com/boxscores/?month=11&day=04&year=2018
INFO:root:[FAILED TO BOXSCORE DATA]: https://www.basketball-reference.com/boxscores/?month=11&day=04&year=2018
INFO:root:[FAILED TO BOXSCORE DATA]: https://www.basketball-reference.com/boxscores/?month=11&day=04&year=2018
INFO:root:[FAILED TO BOXSCORE DATA]: https://www.basketball-reference.com/boxscores/?month=11&day=04&year=2018
INFO:root:[FAILED TO BOXSCORE DATA]: https://www.basketball-reference.com/boxscores/?month=11&day=04&year=2018
INFO:root:[FAILED TO BOXSCORE DATA]: https://www.basketball-reference.com/boxscores/?month=11&day=04&year=2018
INFO:root:[FAILED TO BOXSCORE DATA]: https://www.basketball-reference.com/boxscores/?month=11&day=04&year=2018
INFO:root:[FAILED TO BOXSCORE DATA]: https://www.basketball-reference.com/boxscores/?month=11&day=04&year=2018
INFO:root:[FAILED TO BOXSCORE DATA]: https://www.basketball-reference.com/boxscores/?month=11&day=04&year=2018
INFO:root:[FAILED TO BOXSCORE DATA]: https://www.basketball-reference.com/boxscores/?month=11&day=04&year=2018
INFO:root:[FAILED TO BOXSCORE DATA]: https://www.basketball-reference.com/boxscores/?month=11&day=04&year=2018
INFO:root:[FAILED TO BOXSCORE DATA]: https://www.basketball-reference.com/boxscores/?month=11&day=04&year=2018
INFO:root:[FAILED TO BOXSCORE DATA]: https://www.basketball-reference.com/boxscores/?month=11&day=04&year=2018
INFO:root:[FAILED TO BOXSCORE DATA]: https://www.basketball-reference.com/boxscores/?month=11&day=04&year=2018
INFO:root:[FAILED TO BOXSCORE DATA]: https://www.basketball-reference.com/boxscores/?month=11&day=04&year=2018
INFO:root:[FAILED TO BOXSCORE DATA]: https://www.basketball-reference.com/boxscores/?month=11&day=04&year=2018
INFO:root:[FAILED TO BOXSCORE DATA]: https://www.basketball-reference.com/boxscores/?month=11&day=04&year=2018
INFO:root:[FAILED TO BOXSCORE DATA]: https://www.basketball-reference.com/boxscores/?month=11&day=04&year=2018
INFO:root:[FAILED TO BOXSCORE DATA]: https://www.basketball-reference.com/boxscores/?month=11&day=04&year=2018
INFO:root:[FAILED TO BOXSCORE DATA]: https://www.basketball-reference.com/boxscores/?month=11&day=04&year=2018
INFO:root:[FAILED TO BOXSCORE DATA]: https://www.basketball-reference.com/boxscores/?month=11&day=04&year=2018
INFO:root:[FAILED TO BOXSCORE DATA]: https://www.basketball-reference.com/boxscores/?month=11&day=04&year=2018
INFO:root:[FAILED TO BOXSCORE DATA]: https://www.basketball-reference.com/boxscores/?month=11&day=04&year=2018
INFO:root:[FAILED TO BOXSCORE DATA]: https://www.basketball-reference.com/boxscores/?month=11&day=04&year=2018
INFO:root:[FAILED TO BOXSCORE DATA]: https://www.basketball-reference.com/boxscores/?month=11&day=04&year=2018
INFO:root:[FAILED TO BOXSCORE DATA]: https://www.basketball-reference.com/boxscores/?month=11&day=04&year=2018
INFO:root:[FAILED TO BOXSCORE DATA]: https://www.basketball-reference.com/boxscores/?month=11&day=04&year=2018
INFO:root:[FAILED TO BOXSCORE DATA]: https://www.basketball-reference.com/boxscores/?month=11&day=04&year=2018
INFO:root:[FAILED TO BOXSCORE DATA]: https://www.basketball-reference.com/boxscores/?month=11&day=04&year=2018
INFO:root:[FAILED TO BOXSCORE DATA]: https://www.basketball-reference.com/boxscores/?month=11&day=04&year=2018
INFO:root:[FAILED TO BOXSCORE DATA]: https://www.basketball-reference.com/boxscores/?month=11&day=04&year=2018
INFO:root:[FAILED TO BOXSCORE DATA]: https://www.basketball-reference.com/boxscores/?month=11&day=04&year=2018
INFO:root:[FAILED TO BOXSCORE DATA]: https://www.basketball-reference.com/boxscores/?month=11&day=04&year=2018
INFO:root:[FAILED TO BOXSCORE DATA]: https://www.basketball-reference.com/boxscores/?month=11&day=04&year=2018
INFO:root:[FAILED TO BOXSCORE DATA]: https://www.basketball-reference.com/boxscores/?month=11&day=04&year=2018
INFO:root:[FAILED TO BOXSCORE DATA]: https://www.basketball-reference.com/boxscores/?month=11&day=04&year=2018
INFO:root:[FAILED TO BOXSCORE DATA]: https://www.basketball-reference.com/boxscores/?month=11&day=04&year=2018
INFO:root:[FAILED TO BOXSCORE DATA]: https://www.basketball-reference.com/boxscores/?month=11&day=04&year=2018
INFO:root:[FAILED TO BOXSCORE DATA]: https://www.basketball-reference.com/boxscores/?month=11&day=04&year=2018
INFO:root:[FAILED TO BOXSCORE DATA]: https://www.basketball-reference.com/boxscores/?month=11&day=04&year=2018
INFO:root:[FAILED TO BOXSCORE DATA]: https://www.basketball-reference.com/boxscores/?month=11&day=04&year=2018
INFO:root:[FAILED TO BOXSCORE DATA]: https://www.basketball-reference.com/boxscores/?month=11&day=04&year=2018
INFO:root:[FAILED TO BOXSCORE DATA]: https://www.basketball-reference.com/boxscores/?month=11&day=04&year=2018
INFO:root:[FAILED TO BOXSCORE DATA]: https://www.basketball-reference.com/boxscores/?month=11&day=04&year=2018
INFO:root:[FAILED TO BOXSCORE DATA]: https://www.basketball-reference.com/boxscores/?month=11&day=04&year=2018
INFO:root:[FAILED TO BOXSCORE DATA]: https://www.basketball-reference.com/boxscores/?month=11&day=04&year=2018
INFO:root:[FAILED TO BOXSCORE DATA]: https://www.basketball-reference.com/boxscores/?month=11&day=04&year=2018
INFO:root:[FAILED TO BOXSCORE DATA]: https://www.basketball-reference.com/boxscores/?month=11&day=04&year=2018
INFO:root:[FAILED TO BOXSCORE DATA]: https://www.basketball-reference.com/boxscores/?month=11&day=04&year=2018
INFO:root:[FAILED TO BOXSCORE DATA]: https://www.basketball-reference.com/boxscores/?month=11&day=04&year=2018
INFO:root:[FAILED TO BOXSCORE DATA]: https://www.basketball-reference.com/boxscores/?month=11&day=04&year=2018
INFO:root:[FAILED TO BOXSCORE DATA]: https://www.basketball-reference.com/boxscores/?month=11&day=04&year=2018
INFO:root:[FAILED TO BOXSCORE DATA]: https://www.basketball-reference.com/boxscores/?month=11&day=04&year=2018
INFO:root:[FAILED TO BOXSCORE DATA]: https://www.basketball-reference.com/boxscores/?month=11&day=04&year=2018
INFO:root:[FAILED TO BOXSCORE DATA]: https://www.basketball-reference.com/boxscores/?month=11&day=04&year=2018
INFO:root:[FAILED TO BOXSCORE DATA]: https://www.basketball-reference.com/boxscores/?month=11&day=04&year=2018
INFO:root:[FAILED TO BOXSCORE DATA]: https://www.basketball-reference.com/boxscores/?month=11&day=04&year=2018
INFO:root:[FAILED TO BOXSCORE DATA]: https://www.basketball-reference.com/boxscores/?month=11&day=04&year=2018
INFO:root:[FAILED TO BOXSCORE DATA]: https://www.basketball-reference.com/boxscores/?month=11&day=04&year=2018
INFO:root:[FAILED TO BOXSCORE DATA]: https://www.basketball-reference.com/boxscores/?month=11&day=04&year=2018
INFO:root:[FAILED TO BOXSCORE DATA]: https://www.basketball-reference.com/boxscores/?month=11&day=04&year=2018
INFO:root:[FAILED TO BOXSCORE DATA]: https://www.basketball-reference.com/boxscores/?month=11&day=04&year=2018
INFO:root:[FAILED TO BOXSCORE DATA]: https://www.basketball-reference.com/boxscores/?month=11&day=04&year=2018
INFO:root:[FAILED TO BOXSCORE DATA]: https://www.basketball-reference.com/boxscores/?month=11&day=04&year=2018
INFO:root:[FAILED TO BOXSCORE DATA]: https://www.basketball-reference.com/boxscores/?month=11&day=04&year=2018
INFO:root:[FAILED TO BOXSCORE DATA]: https://www.basketball-reference.com/boxscores/?month=11&day=04&year=2018
INFO:root:[FAILED TO BOXSCORE DATA]: https://www.basketball-reference.com/boxscores/?month=11&day=04&year=2018
INFO:root:[FAILED TO BOXSCORE DATA]: https://www.basketball-reference.com/boxscores/?month=11&day=04&year=2018
INFO:root:[FAILED TO BOXSCORE DATA]: https://www.basketball-reference.com/boxscores/?month=11&day=04&year=2018
INFO:root:[FAILED TO BOXSCORE DATA]: https://www.basketball-reference.com/boxscores/?month=11&day=04&year=2018
INFO:root:[FAILED TO BOXSCORE DATA]: https://www.basketball-reference.com/boxscores/?month=11&day=04&year=2018
INFO:root:[FAILED TO BOXSCORE DATA]: https://www.basketball-reference.com/boxscores/?month=11&day=04&year=2018
INFO:root:[FAILED TO BOXSCORE DATA]: https://www.basketball-reference.com/boxscores/?month=11&day=04&year=2018
INFO:root:[FAILED TO BOXSCORE DATA]: https://www.basketball-reference.com/boxscores/?month=11&day=04&year=2018
INFO:root:[FAILED TO BOXSCORE DATA]: https://www.basketball-reference.com/boxscores/?month=11&day=04&year=2018
INFO:root:[FAILED TO BOXSCORE DATA]: https://www.basketball-reference.com/boxscores/?month=11&day=04&year=2018
INFO:root:[FAILED TO BOXSCORE DATA]: https://www.basketball-reference.com/boxscores/?month=11&day=04&year=2018
INFO:root:[FAILED TO BOXSCORE DATA]: https://www.basketball-reference.com/boxscores/?month=11&day=04&year=2018
INFO:root:[FAILED TO BOXSCORE DATA]: https://www.basketball-reference.com/boxscores/?month=11&day=04&year=2018
INFO:root:[FAILED TO BOXSCORE DATA]: https://www.basketball-reference.com/boxscores/?month=11&day=04&year=2018
INFO:root:[FAILED TO BOXSCORE DATA]: https://www.basketball-reference.com/boxscores/?month=11&day=04&year=2018
INFO:root:[FAILED TO BOXSCORE DATA]: https://www.basketball-reference.com/boxscores/?month=11&day=04&year=2018
INFO:root:[FAILED TO BOXSCORE DATA]: https://www.basketball-reference.com/boxscores/?month=11&day=04&year=2018
INFO:root:[FAILED TO BOXSCORE DATA]: https://www.basketball-reference.com/boxscores/?month=11&day=04&year=2018
INFO:root:[FAILED TO BOXSCORE DATA]: https://www.basketball-reference.com/boxscores/?month=11&day=04&year=2018
INFO:root:[FAILED TO BOXSCORE DATA]: https://www.basketball-reference.com/boxscores/?month=11&day=04&year=2018
INFO:root:[FAILED TO BOXSCORE DATA]: https://www.basketball-reference.com/boxscores/?month=11&day=04&year=2018
INFO:root:[FAILED TO BOXSCORE DATA]: https://www.basketball-reference.com/boxscores/?month=11&day=04&year=2018
INFO:root:[FAILED TO BOXSCORE DATA]: https://www.basketball-reference.com/boxscores/?month=11&day=04&year=2018
INFO:root:[FAILED TO BOXSCORE DATA]: https://www.basketball-reference.com/boxscores/?month=11&day=04&year=2018
INFO:root:[FAILED TO BOXSCORE DATA]: https://www.basketball-reference.com/boxscores/?month=11&day=04&year=2018
INFO:root:[FAILED TO BOXSCORE DATA]: https://www.basketball-reference.com/boxscores/?month=11&day=04&year=2018
INFO:root:[FAILED TO BOXSCORE DATA]: https://www.basketball-reference.com/boxscores/?month=11&day=04&year=2018
INFO:root:[FAILED TO BOXSCORE DATA]: https://www.basketball-reference.com/boxscores/?month=11&day=04&year=2018
INFO:root:[FAILED TO BOXSCORE DATA]: https://www.basketball-reference.com/boxscores/?month=11&day=04&year=2018
INFO:root:[FAILED TO BOXSCORE DATA]: https://www.basketball-reference.com/boxscores/?month=11&day=04&year=2018
INFO:root:[FAILED TO BOXSCORE DATA]: https://www.basketball-reference.com/boxscores/?month=11&day=04&year=2018
INFO:root:[FAILED TO BOXSCORE DATA]: https://www.basketball-reference.com/boxscores/?month=11&day=04&year=2018
INFO:root:[FAILED TO BOXSCORE DATA]: https://www.basketball-reference.com/boxscores/?month=11&day=04&year=2018
INFO:root:[FAILED TO BOXSCORE DATA]: https://www.basketball-reference.com/boxscores/?month=11&day=04&year=2018
INFO:root:[FAILED TO BOXSCORE DATA]: https://www.basketball-reference.com/boxscores/?month=11&day=04&year=2018
INFO:root:[FAILED TO BOXSCORE DATA]: https://www.basketball-reference.com/boxscores/?month=11&day=04&year=2018
INFO:root:[FAILED TO BOXSCORE DATA]: https://www.basketball-reference.com/boxscores/?month=11&day=04&year=2018
INFO:root:[FAILED TO BOXSCORE DATA]: https://www.basketball-reference.com/boxscores/?month=11&day=04&year=2018
INFO:root:[FAILED TO BOXSCORE DATA]: https://www.basketball-reference.com/boxscores/?month=11&day=04&year=2018
INFO:root:[FAILED TO BOXSCORE DATA]: https://www.basketball-reference.com/boxscores/?month=11&day=04&year=2018
INFO:root:[FAILED TO BOXSCORE DATA]: https://www.basketball-reference.com/boxscores/?month=11&day=04&year=2018
INFO:root:[FAILED TO BOXSCORE DATA]: https://www.basketball-reference.com/boxscores/?month=11&day=04&year=2018
INFO:root:[FAILED TO BOXSCORE DATA]: https://www.basketball-reference.com/boxscores/?month=11&day=04&year=2018
INFO:root:[FAILED TO BOXSCORE DATA]: https://www.basketball-reference.com/boxscores/?month=11&day=04&year=2018
INFO:root:[FAILED TO BOXSCORE DATA]: https://www.basketball-reference.com/boxscores/?month=11&day=04&year=2018
INFO:root:[FAILED TO BOXSCORE DATA]: https://www.basketball-reference.com/boxscores/?month=11&day=04&year=2018
INFO:root:[FAILED TO BOXSCORE DATA]: https://www.basketball-reference.com/boxscores/?month=11&day=04&year=2018
INFO:root:[FAILED TO BOXSCORE DATA]: https://www.basketball-reference.com/boxscores/?month=11&day=04&year=2018
INFO:root:[FAILED TO BOXSCORE DATA]: https://www.basketball-reference.com/boxscores/?month=11&day=04&year=2018
INFO:root:[FAILED TO BOXSCORE DATA]: https://www.basketball-reference.com/boxscores/?month=11&day=04&year=2018
INFO:root:[FAILED TO BOXSCORE DATA]: https://www.basketball-reference.com/boxscores/?month=11&day=04&year=2018
INFO:root:[FAILED TO BOXSCORE DATA]: https://www.basketball-reference.com/boxscores/?month=11&day=04&year=2018
INFO:root:[FAILED TO BOXSCORE DATA]: https://www.basketball-reference.com/boxscores/?month=11&day=04&year=2018
INFO:root:[FAILED TO BOXSCORE DATA]: https://www.basketball-reference.com/boxscores/?month=11&day=04&year=2018
INFO:root:[FAILED TO BOXSCORE DATA]: https://www.basketball-reference.com/boxscores/?month=11&day=04&year=2018
INFO:root:[FAILED TO BOXSCORE DATA]: https://www.basketball-reference.com/boxscores/?month=11&day=04&year=2018
INFO:root:[FAILED TO BOXSCORE DATA]: https://www.basketball-reference.com/boxscores/?month=11&day=04&year=2018
INFO:root:[FAILED TO BOXSCORE DATA]: https://www.basketball-reference.com/boxscores/?month=11&day=04&year=2018
INFO:root:[FAILED TO BOXSCORE DATA]: https://www.basketball-reference.com/boxscores/?month=11&day=04&year=2018
INFO:root:[FAILED TO BOXSCORE DATA]: https://www.basketball-reference.com/boxscores/?month=11&day=04&year=2018
INFO:root:[FAILED TO BOXSCORE DATA]: https://www.basketball-reference.com/boxscores/?month=11&day=04&year=2018
INFO:root:[FAILED TO BOXSCORE DATA]: https://www.basketball-reference.com/boxscores/?month=11&day=04&year=2018
INFO:root:[FAILED TO BOXSCORE DATA]: https://www.basketball-reference.com/boxscores/?month=11&day=04&year=2018
INFO:root:[FAILED TO BOXSCORE DATA]: https://www.basketball-reference.com/boxscores/?month=11&day=04&year=2018
INFO:root:[FAILED TO BOXSCORE DATA]: https://www.basketball-reference.com/boxscores/?month=11&day=04&year=2018
INFO:root:[FAILED TO BOXSCORE DATA]: https://www.basketball-reference.com/boxscores/?month=11&day=04&year=2018
INFO:root:[FAILED TO BOXSCORE DATA]: https://www.basketball-reference.com/boxscores/?month=11&day=04&year=2018
INFO:root:[FAILED TO BOXSCORE DATA]: https://www.basketball-reference.com/boxscores/?month=11&day=04&year=2018
INFO:root:[FAILED TO BOXSCORE DATA]: https://www.basketball-reference.com/boxscores/?month=11&day=04&year=2018
INFO:root:[FAILED TO BOXSCORE DATA]: https://www.basketball-reference.com/boxscores/?month=11&day=04&year=2018
INFO:root:[FAILED TO BOXSCORE DATA]: https://www.basketball-reference.com/boxscores/?month=11&day=04&year=2018
INFO:root:[FAILED TO BOXSCORE DATA]: https://www.basketball-reference.com/boxscores/?month=11&day=04&year=2018
INFO:root:[FAILED TO BOXSCORE DATA]: https://www.basketball-reference.com/boxscores/?month=11&day=04&year=2018
INFO:root:[FAILED TO BOXSCORE DATA]: https://www.basketball-reference.com/boxscores/?month=11&day=04&year=2018
INFO:root:[FAILED TO BOXSCORE DATA]: https://www.basketball-reference.com/boxscores/?month=11&day=04&year=2018
INFO:root:[FAILED TO BOXSCORE DATA]: https://www.basketball-reference.com/boxscores/?month=11&day=04&year=2018
INFO:root:[FAILED TO BOXSCORE DATA]: https://www.basketball-reference.com/boxscores/?month=11&day=04&year=2018
INFO:root:[FAILED TO BOXSCORE DATA]: https://www.basketball-reference.com/boxscores/?month=11&day=04&year=2018
INFO:root:[FAILED TO BOXSCORE DATA]: https://www.basketball-reference.com/boxscores/?month=11&day=04&year=2018
INFO:root:[FAILED TO BOXSCORE DATA]: https://www.basketball-reference.com/boxscores/?month=11&day=04&year=2018
INFO:root:[FAILED TO BOXSCORE DATA]: https://www.basketball-reference.com/boxscores/?month=11&day=04&year=2018
INFO:root:[FAILED TO BOXSCORE DATA]: https://www.basketball-reference.com/boxscores/?month=11&day=04&year=2018
INFO:root:[FAILED TO BOXSCORE DATA]: https://www.basketball-reference.com/boxscores/?month=11&day=04&year=2018
INFO:root:[FAILED TO BOXSCORE DATA]: https://www.basketball-reference.com/boxscores/?month=11&day=04&year=2018
INFO:root:[FAILED TO BOXSCORE DATA]: https://www.basketball-reference.com/boxscores/?month=11&day=04&year=2018
INFO:root:[FAILED TO BOXSCORE DATA]: https://www.basketball-reference.com/boxscores/?month=11&day=04&year=2018
INFO:root:[FAILED TO BOXSCORE DATA]: https://www.basketball-reference.com/boxscores/?month=11&day=04&year=2018
INFO:root:[FAILED TO BOXSCORE DATA]: https://www.basketball-reference.com/boxscores/?month=11&day=04&year=2018
INFO:root:[FAILED TO BOXSCORE DATA]: https://www.basketball-reference.com/boxscores/?month=11&day=04&year=2018
INFO:root:[FAILED TO BOXSCORE DATA]: https://www.basketball-reference.com/boxscores/?month=11&day=04&year=2018
INFO:root:[FAILED TO BOXSCORE DATA]: https://www.basketball-reference.com/boxscores/?month=11&day=04&year=2018
INFO:root:[FAILED TO BOXSCORE DATA]: https://www.basketball-reference.com/boxscores/?month=11&day=04&year=2018
INFO:root:[FAILED TO BOXSCORE DATA]: https://www.basketball-reference.com/boxscores/?month=11&day=04&year=2018
INFO:root:[FAILED TO BOXSCORE DATA]: https://www.basketball-reference.com/boxscores/?month=11&day=04&year=2018
INFO:root:[FAILED TO BOXSCORE DATA]: https://www.basketball-reference.com/boxscores/?month=11&day=04&year=2018
INFO:root:[FAILED TO BOXSCORE DATA]: https://www.basketball-reference.com/boxscores/?month=11&day=04&year=2018
INFO:root:[FAILED TO BOXSCORE DATA]: https://www.basketball-reference.com/boxscores/?month=11&day=04&year=2018
INFO:root:[FAILED TO BOXSCORE DATA]: https://www.basketball-reference.com/boxscores/?month=11&day=04&year=2018
INFO:root:[FAILED TO BOXSCORE DATA]: https://www.basketball-reference.com/boxscores/?month=11&day=04&year=2018
INFO:root:[FAILED TO BOXSCORE DATA]: https://www.basketball-reference.com/boxscores/?month=11&day=04&year=2018
INFO:root:[FAILED TO BOXSCORE DATA]: https://www.basketball-reference.com/boxscores/?month=11&day=04&year=2018
INFO:root:[FAILED TO BOXSCORE DATA]: https://www.basketball-reference.com/boxscores/?month=11&day=04&year=2018
INFO:root:[FAILED TO BOXSCORE DATA]: https://www.basketball-reference.com/boxscores/?month=11&day=04&year=2018
INFO:root:[FAILED TO BOXSCORE DATA]: https://www.basketball-reference.com/boxscores/?month=11&day=04&year=2018
INFO:root:[FAILED TO BOXSCORE DATA]: https://www.basketball-reference.com/boxscores/?month=11&day=04&year=2018
INFO:root:[FAILED TO BOXSCORE DATA]: https://www.basketball-reference.com/boxscores/?month=11&day=04&year=2018
INFO:root:[FAILED TO BOXSCORE DATA]: https://www.basketball-reference.com/boxscores/?month=11&day=04&year=2018
INFO:root:[FAILED TO BOXSCORE DATA]: https://www.basketball-reference.com/boxscores/?month=11&day=04&year=2018
INFO:root:[FAILED TO BOXSCORE DATA]: https://www.basketball-reference.com/boxscores/?month=11&day=04&year=2018
INFO:root:[FAILED TO BOXSCORE DATA]: https://www.basketball-reference.com/boxscores/?month=11&day=04&year=2018
INFO:root:[FAILED TO BOXSCORE DATA]: https://www.basketball-reference.com/boxscores/?month=11&day=04&year=2018
INFO:root:[FAILED TO BOXSCORE DATA]: https://www.basketball-reference.com/boxscores/?month=11&day=04&year=2018
INFO:root:[FAILED TO BOXSCORE DATA]: https://www.basketball-reference.com/boxscores/?month=11&day=04&year=2018
INFO:root:[FAILED TO BOXSCORE DATA]: https://www.basketball-reference.com/boxscores/?month=11&day=04&year=2018
INFO:root:[FAILED TO BOXSCORE DATA]: https://www.basketball-reference.com/boxscores/?month=11&day=04&year=2018
INFO:root:[FAILED TO BOXSCORE DATA]: https://www.basketball-reference.com/boxscores/?month=11&day=04&year=2018
INFO:root:[FAILED TO BOXSCORE DATA]: https://www.basketball-reference.com/boxscores/?month=11&day=04&year=2018
INFO:root:[FAILED TO BOXSCORE DATA]: https://www.basketball-reference.com/boxscores/?month=11&day=04&year=2018
INFO:root:[FAILED TO BOXSCORE DATA]: https://www.basketball-reference.com/boxscores/?month=11&day=04&year=2018
INFO:root:[FAILED TO BOXSCORE DATA]: https://www.basketball-reference.com/boxscores/?month=11&day=04&year=2018
INFO:root:[FAILED TO BOXSCORE DATA]: https://www.basketball-reference.com/boxscores/?month=11&day=04&year=2018
INFO:root:[FAILED TO BOXSCORE DATA]: https://www.basketball-reference.com/boxscores/?month=11&day=04&year=2018
INFO:root:[FAILED TO BOXSCORE DATA]: https://www.basketball-reference.com/boxscores/?month=11&day=04&year=2018
INFO:root:[FAILED TO BOXSCORE DATA]: https://www.basketball-reference.com/boxscores/?month=11&day=04&year=2018
INFO:root:[FAILED TO BOXSCORE DATA]: https://www.basketball-reference.com/boxscores/?month=11&day=04&year=2018
INFO:root:[FAILED TO BOXSCORE DATA]: https://www.basketball-reference.com/boxscores/?month=11&day=04&year=2018
INFO:root:[FAILED TO BOXSCORE DATA]: https://www.basketball-reference.com/boxscores/?month=11&day=04&year=2018
INFO:root:[FAILED TO BOXSCORE DATA]: https://www.basketball-reference.com/boxscores/?month=11&day=04&year=2018
INFO:root:[FAILED TO BOXSCORE DATA]: https://www.basketball-reference.com/boxscores/?month=11&day=04&year=2018
INFO:root:[FAILED TO BOXSCORE DATA]: https://www.basketball-reference.com/boxscores/?month=11&day=04&year=2018
INFO:root:[FAILED TO BOXSCORE DATA]: https://www.basketball-reference.com/boxscores/?month=11&day=04&year=2018
INFO:root:[FAILED TO BOXSCORE DATA]: https://www.basketball-reference.com/boxscores/?month=11&day=04&year=2018
INFO:root:[FAILED TO BOXSCORE DATA]: https://www.basketball-reference.com/boxscores/?month=11&day=04&year=2018
INFO:root:[FAILED TO BOXSCORE DATA]: https://www.basketball-reference.com/boxscores/?month=11&day=04&year=2018
INFO:root:[FAILED TO BOXSCORE DATA]: https://www.basketball-reference.com/boxscores/?month=11&day=04&year=2018
INFO:root:[FAILED TO BOXSCORE DATA]: https://www.basketball-reference.com/boxscores/?month=11&day=04&year=2018
INFO:root:[FAILED TO BOXSCORE DATA]: https://www.basketball-reference.com/boxscores/?month=11&day=04&year=2018
INFO:root:[FAILED TO BOXSCORE DATA]: https://www.basketball-reference.com/boxscores/?month=11&day=04&year=2018
INFO:root:[FAILED TO BOXSCORE DATA]: https://www.basketball-reference.com/boxscores/?month=11&day=04&year=2018
INFO:root:[FAILED TO BOXSCORE DATA]: https://www.basketball-reference.com/boxscores/?month=11&day=04&year=2018
INFO:root:[FAILED TO BOXSCORE DATA]: https://www.basketball-reference.com/boxscores/?month=11&day=04&year=2018
INFO:root:[FAILED TO BOXSCORE DATA]: https://www.basketball-reference.com/boxscores/?month=11&day=04&year=2018
INFO:root:[FAILED TO BOXSCORE DATA]: https://www.basketball-reference.com/boxscores/?month=11&day=04&year=2018
INFO:root:[FAILED TO BOXSCORE DATA]: https://www.basketball-reference.com/boxscores/?month=11&day=04&year=2018
INFO:root:[FAILED TO BOXSCORE DATA]: https://www.basketball-reference.com/boxscores/?month=11&day=04&year=2018
INFO:root:[FAILED TO BOXSCORE DATA]: https://www.basketball-reference.com/boxscores/?month=11&day=04&year=2018
INFO:root:[FAILED TO BOXSCORE DATA]: https://www.basketball-reference.com/boxscores/?month=11&day=04&year=2018
INFO:root:[FAILED TO BOXSCORE DATA]: https://www.basketball-reference.com/boxscores/?month=11&day=04&year=2018
INFO:root:[FAILED TO BOXSCORE DATA]: https://www.basketball-reference.com/boxscores/?month=11&day=04&year=2018
INFO:root:[FAILED TO BOXSCORE DATA]: https://www.basketball-reference.com/boxscores/?month=11&day=04&year=2018
INFO:root:[FAILED TO BOXSCORE DATA]: https://www.basketball-reference.com/boxscores/?month=11&day=04&year=2018
INFO:root:[FAILED TO BOXSCORE DATA]: https://www.basketball-reference.com/boxscores/?month=11&day=04&year=2018
INFO:root:[FAILED TO BOXSCORE DATA]: https://www.basketball-reference.com/boxscores/?month=11&day=04&year=2018
INFO:root:[FAILED TO BOXSCORE DATA]: https://www.basketball-reference.com/boxscores/?month=11&day=04&year=2018
INFO:root:[FAILED TO BOXSCORE DATA]: https://www.basketball-reference.com/boxscores/?month=11&day=04&year=2018
INFO:root:[FAILED TO BOXSCORE DATA]: https://www.basketball-reference.com/boxscores/?month=11&day=04&year=2018
INFO:root:[FAILED TO BOXSCORE DATA]: https://www.basketball-reference.com/boxscores/?month=11&day=04&year=2018
INFO:root:[FAILED TO BOXSCORE DATA]: https://www.basketball-reference.com/boxscores/?month=11&day=04&year=2018
INFO:root:[FAILED TO BOXSCORE DATA]: https://www.basketball-reference.com/boxscores/?month=11&day=04&year=2018
INFO:root:[FAILED TO BOXSCORE DATA]: https://www.basketball-reference.com/boxscores/?month=11&day=04&year=2018
INFO:root:[FAILED TO BOXSCORE DATA]: https://www.basketball-reference.com/boxscores/?month=11&day=04&year=2018
INFO:root:[FAILED TO BOXSCORE DATA]: https://www.basketball-reference.com/boxscores/?month=11&day=04&year=2018
INFO:root:[FAILED TO BOXSCORE DATA]: https://www.basketball-reference.com/boxscores/?month=11&day=04&year=2018
INFO:root:[FAILED TO BOXSCORE DATA]: https://www.basketball-reference.com/boxscores/?month=11&day=04&year=2018
INFO:root:[FAILED TO BOXSCORE DATA]: https://www.basketball-reference.com/boxscores/?month=11&day=04&year=2018
INFO:root:[FAILED TO BOXSCORE DATA]: https://www.basketball-reference.com/boxscores/?month=11&day=04&year=2018
INFO:root:[FAILED TO BOXSCORE DATA]: https://www.basketball-reference.com/boxscores/?month=11&day=04&year=2018
INFO:root:[FAILED TO BOXSCORE DATA]: https://www.basketball-reference.com/boxscores/?month=11&day=04&year=2018
INFO:root:[FAILED TO BOXSCORE DATA]: https://www.basketball-reference.com/boxscores/?month=11&day=04&year=2018
INFO:root:[FAILED TO BOXSCORE DATA]: https://www.basketball-reference.com/boxscores/?month=11&day=04&year=2018
INFO:root:[FAILED TO BOXSCORE DATA]: https://www.basketball-reference.com/boxscores/?month=11&day=04&year=2018
INFO:root:[FAILED TO BOXSCORE DATA]: https://www.basketball-reference.com/boxscores/?month=11&day=04&year=2018
INFO:root:[FAILED TO BOXSCORE DATA]: https://www.basketball-reference.com/boxscores/?month=11&day=04&year=2018
INFO:root:[FAILED TO BOXSCORE DATA]: https://www.basketball-reference.com/boxscores/?month=11&day=04&year=2018
INFO:root:[FAILED TO BOXSCORE DATA]: https://www.basketball-reference.com/boxscores/?month=11&day=04&year=2018
INFO:root:[FAILED TO BOXSCORE DATA]: https://www.basketball-reference.com/boxscores/?month=11&day=04&year=2018
INFO:root:[FAILED TO BOXSCORE DATA]: https://www.basketball-reference.com/boxscores/?month=11&day=04&year=2018
INFO:root:[FAILED TO BOXSCORE DATA]: https://www.basketball-reference.com/boxscores/?month=11&day=04&year=2018
INFO:root:[FAILED TO BOXSCORE DATA]: https://www.basketball-reference.com/boxscores/?month=11&day=04&year=2018
INFO:root:[FAILED TO BOXSCORE DATA]: https://www.basketball-reference.com/boxscores/?month=11&day=04&year=2018
INFO:root:[FAILED TO BOXSCORE DATA]: https://www.basketball-reference.com/boxscores/?month=11&day=04&year=2018
INFO:root:[FAILED TO BOXSCORE DATA]: https://www.basketball-reference.com/boxscores/?month=11&day=04&year=2018
INFO:root:[FAILED TO BOXSCORE DATA]: https://www.basketball-reference.com/boxscores/?month=11&day=04&year=2018
INFO:root:[FAILED TO BOXSCORE DATA]: https://www.basketball-reference.com/boxscores/?month=11&day=04&year=2018
INFO:root:[FAILED TO BOXSCORE DATA]: https://www.basketball-reference.com/boxscores/?month=11&day=04&year=2018
INFO:root:[FAILED TO BOXSCORE DATA]: https://www.basketball-reference.com/boxscores/?month=11&day=04&year=2018
INFO:root:[FAILED TO BOXSCORE DATA]: https://www.basketball-reference.com/boxscores/?month=11&day=04&year=2018
INFO:root:[FAILED TO BOXSCORE DATA]: https://www.basketball-reference.com/boxscores/?month=11&day=04&year=2018
INFO:root:[FAILED TO BOXSCORE DATA]: https://www.basketball-reference.com/boxscores/?month=11&day=04&year=2018
INFO:root:[FAILED TO BOXSCORE DATA]: https://www.basketball-reference.com/boxscores/?month=11&day=04&year=2018
INFO:root:[FAILED TO BOXSCORE DATA]: https://www.basketball-reference.com/boxscores/?month=11&day=04&year=2018
INFO:root:[FAILED TO BOXSCORE DATA]: https://www.basketball-reference.com/boxscores/?month=11&day=04&year=2018
INFO:root:[FAILED TO BOXSCORE DATA]: https://www.basketball-reference.com/boxscores/?month=11&day=04&year=2018
INFO:root:[FAILED TO BOXSCORE DATA]: https://www.basketball-reference.com/boxscores/?month=11&day=04&year=2018
INFO:root:[FAILED TO BOXSCORE DATA]: https://www.basketball-reference.com/boxscores/?month=11&day=04&year=2018
INFO:root:[FAILED TO BOXSCORE DATA]: https://www.basketball-reference.com/boxscores/?month=11&day=04&year=2018
INFO:root:[FAILED TO BOXSCORE DATA]: https://www.basketball-reference.com/boxscores/?month=11&day=04&year=2018
INFO:root:[FAILED TO BOXSCORE DATA]: https://www.basketball-reference.com/boxscores/?month=11&day=04&year=2018
INFO:root:[FAILED TO BOXSCORE DATA]: https://www.basketball-reference.com/boxscores/?month=11&day=04&year=2018
INFO:root:[FAILED TO BOXSCORE DATA]: https://www.basketball-reference.com/boxscores/?month=11&day=04&year=2018
INFO:root:[FAILED TO BOXSCORE DATA]: https://www.basketball-reference.com/boxscores/?month=11&day=04&year=2018
INFO:root:[FAILED TO BOXSCORE DATA]: https://www.basketball-reference.com/boxscores/?month=11&day=04&year=2018
INFO:root:[FAILED TO BOXSCORE DATA]: https://www.basketball-reference.com/boxscores/?month=11&day=04&year=2018
INFO:root:[FAILED TO BOXSCORE DATA]: https://www.basketball-reference.com/boxscores/?month=11&day=04&year=2018
INFO:root:[FAILED TO BOXSCORE DATA]: https://www.basketball-reference.com/boxscores/?month=11&day=04&year=2018
INFO:root:[FAILED TO BOXSCORE DATA]: https://www.basketball-reference.com/boxscores/?month=11&day=04&year=2018
INFO:root:[FAILED TO BOXSCORE DATA]: https://www.basketball-reference.com/boxscores/?month=11&day=04&year=2018
INFO:root:[FAILED TO BOXSCORE DATA]: https://www.basketball-reference.com/boxscores/?month=11&day=04&year=2018
INFO:root:[FAILED TO BOXSCORE DATA]: https://www.basketball-reference.com/boxscores/?month=11&day=04&year=2018
INFO:root:[FAILED TO BOXSCORE DATA]: https://www.basketball-reference.com/boxscores/?month=11&day=04&year=2018
INFO:root:[FAILED TO BOXSCORE DATA]: https://www.basketball-reference.com/boxscores/?month=11&day=04&year=2018
INFO:root:[FAILED TO BOXSCORE DATA]: https://www.basketball-reference.com/boxscores/?month=11&day=04&year=2018
INFO:root:[FAILED TO BOXSCORE DATA]: https://www.basketball-reference.com/boxscores/?month=11&day=04&year=2018
INFO:root:[FAILED TO BOXSCORE DATA]: https://www.basketball-reference.com/boxscores/?month=11&day=04&year=2018
INFO:root:[FAILED TO BOXSCORE DATA]: https://www.basketball-reference.com/boxscores/?month=11&day=04&year=2018
INFO:root:[FAILED TO BOXSCORE DATA]: https://www.basketball-reference.com/boxscores/?month=11&day=04&year=2018
INFO:root:[FAILED TO BOXSCORE DATA]: https://www.basketball-reference.com/boxscores/?month=11&day=04&year=2018
INFO:root:[FAILED TO BOXSCORE DATA]: https://www.basketball-reference.com/boxscores/?month=11&day=04&year=2018
INFO:root:NBA Reference players incrementals pipeline completed successfully 2018-11-04 16:45:34.933184
INFO:root:Beginning NBA Stats Advanced Team Stats incrementals pipeline 2018-11-04 16:45:34.948060
INFO:root:Beginning NBA Stats Advanced Team Stats incrementals pipeline 2018-11-04 19:46:33.474351
INFO:root:Beginning NBA Stats Advanced Team Stats incrementals pipeline 2018-11-04 19:50:36.078190
INFO:root:Beginning NBA Stats Advanced Team Stats incrementals pipeline 2018-11-04 19:50:58.617112
INFO:root:Beginning NBA Stats Advanced Team Stats incrementals pipeline 2018-11-04 19:53:28.879232
INFO:root:Beginning NBA Stats Advanced Team Stats incrementals pipeline 2018-11-04 19:54:29.792700
